<?xml version="1.0" encoding="UTF-8"?>
<!-- Generated by org.testng.reporters.JUnitReportReporter -->
<testsuite hostname="Riyas-MacBook-Pro.local" failures="0" tests="2" name="verivox.AddressChecks" time="0.549" errors="0" timestamp="2022-06-06T01:17:07 IST" skipped="0">
  <testcase classname="verivox.AddressChecks" name="findTheCitiesForAGivenPostcode" time="0.288"/>
  <system-out/>
  <testcase classname="verivox.AddressChecks" name="findTheCitiesForAGivenPostcode" time="0.261"/>
  <system-out/>
</testsuite> <!-- verivox.AddressChecks -->
