<?xml version="1.0" encoding="UTF-8"?>
<!-- Generated by org.testng.reporters.JUnitReportReporter -->
<testsuite hostname="Riyas-MacBook-Pro.local" failures="0" tests="4" name="verivox.StreetsCheck" time="2.661" errors="0" timestamp="2022-06-06T01:20:15 IST" skipped="0">
  <testcase classname="verivox.StreetsCheck" name="findTheStreetsForAGivenPostcode" time="0.385"/>
  <system-out/>
  <testcase classname="verivox.StreetsCheck" name="findTheStreetsForAGivenPostcode" time="0.256"/>
  <system-out/>
  <testcase classname="verivox.StreetsCheck" name="findTheStreetsForAGivenPostcode" time="1.735"/>
  <system-out/>
  <testcase classname="verivox.StreetsCheck" name="findTheStreetsForAGivenPostcode" time="0.285"/>
  <system-out/>
</testsuite> <!-- verivox.StreetsCheck -->
