<?xml version="1.0" encoding="UTF-8"?>
<!-- Generated by org.testng.reporters.JUnitReportReporter -->
<testsuite hostname="Riyas-MacBook-Pro.local" failures="0" tests="2" name="verivox.HomePage" time="33.593" errors="0" timestamp="2022-06-05T18:21:52 IST" skipped="0">
  <testcase classname="verivox.HomePage" name="verifyTheDslCalculator" time="10.940"/>
  <system-out/>
  <testcase classname="verivox.HomePage" name="loadMultipleTariffResultPages" time="22.653"/>
  <system-out/>
</testsuite> <!-- verivox.HomePage -->
