<?xml version="1.0" encoding="UTF-8"?>
<!-- Generated by org.testng.reporters.JUnitReportReporter -->
<testsuite hostname="Riyas-MacBook-Pro.local" failures="0" tests="4" name="verivox.StreetsCheck" time="2.591" errors="0" timestamp="5 Jun 2022 19:58:45 GMT">
  <testcase classname="verivox.StreetsCheck" name="findTheStreetsForAGivenPostcode" time="0.347"/>
  <testcase classname="verivox.StreetsCheck" name="findTheStreetsForAGivenPostcode" time="0.335"/>
  <testcase classname="verivox.StreetsCheck" name="findTheStreetsForAGivenPostcode" time="0.270"/>
  <testcase classname="verivox.StreetsCheck" name="findTheStreetsForAGivenPostcode" time="1.639"/>
</testsuite> <!-- verivox.StreetsCheck -->
