<?xml version="1.0" encoding="UTF-8"?>
<!-- Generated by org.testng.reporters.JUnitReportReporter -->
<testsuite hostname="Riyas-MacBook-Pro.local" failures="0" tests="2" name="verivox.HomePage" time="35.996" errors="0" timestamp="5 Jun 2022 19:58:45 GMT">
  <testcase classname="verivox.HomePage" name="verifyTheDslCalculator" time="13.350"/>
  <testcase classname="verivox.HomePage" name="loadMultipleTariffResultPages" time="22.646"/>
</testsuite> <!-- verivox.HomePage -->
